2025-11-25 03:06:26,721 INFO o.a.j.u.JMeterUtils: Setting Locale to en_EN
2025-11-25 03:06:26,767 INFO o.a.j.JMeter: Loading user properties from: /opt/apache-jmeter-5.6.3/bin/user.properties
2025-11-25 03:06:26,768 INFO o.a.j.JMeter: Loading system properties from: /opt/apache-jmeter-5.6.3/bin/system.properties
2025-11-25 03:06:26,782 INFO o.a.j.JMeter: Copyright (c) 1998-2024 The Apache Software Foundation
2025-11-25 03:06:26,782 INFO o.a.j.JMeter: Version 5.6.3
2025-11-25 03:06:26,782 INFO o.a.j.JMeter: java.version=17.0.16
2025-11-25 03:06:26,783 INFO o.a.j.JMeter: java.vm.name=OpenJDK 64-Bit Server VM
2025-11-25 03:06:26,783 INFO o.a.j.JMeter: os.name=Linux
2025-11-25 03:06:26,783 INFO o.a.j.JMeter: os.arch=amd64
2025-11-25 03:06:26,783 INFO o.a.j.JMeter: os.version=6.14.0-36-generic
2025-11-25 03:06:26,783 INFO o.a.j.JMeter: file.encoding=UTF-8
2025-11-25 03:06:26,783 INFO o.a.j.JMeter: java.awt.headless=null
2025-11-25 03:06:26,783 INFO o.a.j.JMeter: Max memory     =1073741824
2025-11-25 03:06:26,784 INFO o.a.j.JMeter: Available Processors =12
2025-11-25 03:06:26,800 INFO o.a.j.JMeter: Default Locale=English (EN)
2025-11-25 03:06:26,801 INFO o.a.j.JMeter: JMeter  Locale=English (EN)
2025-11-25 03:06:26,801 INFO o.a.j.JMeter: JMeterHome=/opt/apache-jmeter-5.6.3
2025-11-25 03:06:26,801 INFO o.a.j.JMeter: user.dir  =/home/dreamdust/Chubb - Weekly Assignments/FlightBookingSysWebFlux
2025-11-25 03:06:26,801 INFO o.a.j.JMeter: PWD       =/home/dreamdust/Chubb - Weekly Assignments/FlightBookingSysWebFlux
2025-11-25 03:06:26,802 INFO o.a.j.JMeter: IP: 127.0.1.1 Name: kanchan-pc FullName: dreamdust-Inspiron-14-7420-2-in-1
2025-11-25 03:06:26,826 INFO o.a.j.JMeter: Loaded icon properties from org/apache/jmeter/images/icon.properties
2025-11-25 03:06:27,303 INFO o.a.j.JMeterGuiLauncher: Setting LAF to: laf:javax.swing.plaf.nimbus.NimbusLookAndFeel
2025-11-25 03:07:01,502 INFO o.a.j.p.h.s.HTTPSamplerBase: Parser for text/html is org.apache.jmeter.protocol.http.parser.LagartoBasedHtmlParser
2025-11-25 03:07:01,503 INFO o.a.j.p.h.s.HTTPSamplerBase: Parser for application/xhtml+xml is org.apache.jmeter.protocol.http.parser.LagartoBasedHtmlParser
2025-11-25 03:07:01,503 INFO o.a.j.p.h.s.HTTPSamplerBase: Parser for application/xml is org.apache.jmeter.protocol.http.parser.LagartoBasedHtmlParser
2025-11-25 03:07:01,503 INFO o.a.j.p.h.s.HTTPSamplerBase: Parser for text/xml is org.apache.jmeter.protocol.http.parser.LagartoBasedHtmlParser
2025-11-25 03:07:01,504 INFO o.a.j.p.h.s.HTTPSamplerBase: Parser for text/vnd.wap.wml is org.apache.jmeter.protocol.http.parser.RegexpHTMLParser
2025-11-25 03:07:01,504 INFO o.a.j.p.h.s.HTTPSamplerBase: Parser for text/css is org.apache.jmeter.protocol.http.parser.CssParser
2025-11-25 03:08:01,458 INFO o.a.j.s.SampleResult: Note: Sample TimeStamps are START times
2025-11-25 03:08:01,459 INFO o.a.j.s.SampleResult: sampleresult.default.encoding is set to UTF-8
2025-11-25 03:08:01,459 INFO o.a.j.s.SampleResult: sampleresult.useNanoTime=true
2025-11-25 03:08:01,459 INFO o.a.j.s.SampleResult: sampleresult.nanoThreadSleep=5000
2025-11-25 03:09:00,506 INFO o.a.j.s.FileServer: Default base='/home/dreamdust/Chubb - Weekly Assignments/FlightBookingSysWebFlux'
2025-11-25 03:09:00,511 INFO o.a.j.s.FileServer: Set new base='/home/dreamdust/JMeter Scripts'
2025-11-25 03:09:00,888 INFO o.a.j.s.SaveService: Testplan (JMX) version: 2.2. Testlog (JTL) version: 2.2
2025-11-25 03:09:00,901 INFO o.a.j.s.SaveService: Using SaveService properties version 5.0
2025-11-25 03:09:00,904 INFO o.a.j.s.SaveService: Using SaveService properties file encoding UTF-8
2025-11-25 03:09:00,960 INFO o.a.j.e.StandardJMeterEngine: Running the test!
2025-11-25 03:09:00,962 INFO o.a.j.s.SampleEvent: List of sample_variables: []
2025-11-25 03:09:00,962 INFO o.a.j.s.SampleEvent: List of sample_variables: []
2025-11-25 03:09:00,964 INFO o.a.j.e.u.CompoundVariable: Note: Function class names must contain the string: '.functions.'
2025-11-25 03:09:00,964 INFO o.a.j.e.u.CompoundVariable: Note: Function class names must not contain the string: '.gui.'
2025-11-25 03:09:01,092 INFO o.a.j.g.u.JMeterMenuBar: setRunning(true, *local*)
2025-11-25 03:09:01,152 INFO o.a.j.e.StandardJMeterEngine: Starting ThreadGroup: 1 : Flight Booking System
2025-11-25 03:09:01,152 INFO o.a.j.e.StandardJMeterEngine: Starting 20 threads for group Flight Booking System.
2025-11-25 03:09:01,152 INFO o.a.j.e.StandardJMeterEngine: Thread will continue on error
2025-11-25 03:09:01,153 INFO o.a.j.t.ThreadGroup: Starting thread group... number=1 threads=20 ramp-up=1 delayedStart=false
2025-11-25 03:09:01,159 INFO o.a.j.t.JMeterThread: Thread started: Flight Booking System 1-1
2025-11-25 03:09:01,176 INFO o.a.j.t.ThreadGroup: Started thread group number 1
2025-11-25 03:09:01,176 INFO o.a.j.e.StandardJMeterEngine: All thread groups have been started
2025-11-25 03:09:01,198 INFO o.a.j.p.h.s.HTTPHCAbstractImpl: Local host = kanchan-pc
2025-11-25 03:09:01,204 INFO o.a.j.t.JMeterThread: Thread started: Flight Booking System 1-2
2025-11-25 03:09:01,220 INFO o.a.j.p.h.s.HTTPHC4Impl: HTTP request retry count = 0
2025-11-25 03:09:01,255 INFO o.a.j.t.JMeterThread: Thread started: Flight Booking System 1-3
2025-11-25 03:09:01,305 INFO o.a.j.t.JMeterThread: Thread started: Flight Booking System 1-4
2025-11-25 03:09:01,355 INFO o.a.j.t.JMeterThread: Thread started: Flight Booking System 1-5
2025-11-25 03:09:01,405 INFO o.a.j.t.JMeterThread: Thread started: Flight Booking System 1-6
2025-11-25 03:09:01,454 INFO o.a.j.t.JMeterThread: Thread started: Flight Booking System 1-7
2025-11-25 03:09:01,503 INFO o.a.j.t.JMeterThread: Thread is done: Flight Booking System 1-6
2025-11-25 03:09:01,503 INFO o.a.j.t.JMeterThread: Thread is done: Flight Booking System 1-4
2025-11-25 03:09:01,504 INFO o.a.j.t.JMeterThread: Thread is done: Flight Booking System 1-3
2025-11-25 03:09:01,503 INFO o.a.j.t.JMeterThread: Thread is done: Flight Booking System 1-7
2025-11-25 03:09:01,504 INFO o.a.j.t.JMeterThread: Thread is done: Flight Booking System 1-2
2025-11-25 03:09:01,504 INFO o.a.j.t.JMeterThread: Thread finished: Flight Booking System 1-6
2025-11-25 03:09:01,503 INFO o.a.j.t.JMeterThread: Thread is done: Flight Booking System 1-5
2025-11-25 03:09:01,504 INFO o.a.j.t.JMeterThread: Thread finished: Flight Booking System 1-4
2025-11-25 03:09:01,504 INFO o.a.j.t.JMeterThread: Thread finished: Flight Booking System 1-7
2025-11-25 03:09:01,504 INFO o.a.j.t.JMeterThread: Thread is done: Flight Booking System 1-1
2025-11-25 03:09:01,504 INFO o.a.j.t.JMeterThread: Thread started: Flight Booking System 1-8
2025-11-25 03:09:01,504 INFO o.a.j.t.JMeterThread: Thread finished: Flight Booking System 1-5
2025-11-25 03:09:01,504 INFO o.a.j.t.JMeterThread: Thread finished: Flight Booking System 1-2
2025-11-25 03:09:01,505 INFO o.a.j.t.JMeterThread: Thread finished: Flight Booking System 1-1
2025-11-25 03:09:01,505 INFO o.a.j.t.JMeterThread: Thread finished: Flight Booking System 1-3
2025-11-25 03:09:01,529 INFO o.a.j.t.JMeterThread: Thread is done: Flight Booking System 1-8
2025-11-25 03:09:01,530 INFO o.a.j.t.JMeterThread: Thread finished: Flight Booking System 1-8
2025-11-25 03:09:01,555 INFO o.a.j.t.JMeterThread: Thread started: Flight Booking System 1-9
2025-11-25 03:09:01,578 INFO o.a.j.t.JMeterThread: Thread is done: Flight Booking System 1-9
2025-11-25 03:09:01,579 INFO o.a.j.t.JMeterThread: Thread finished: Flight Booking System 1-9
2025-11-25 03:09:01,604 INFO o.a.j.t.JMeterThread: Thread started: Flight Booking System 1-10
2025-11-25 03:09:01,622 INFO o.a.j.t.JMeterThread: Thread is done: Flight Booking System 1-10
2025-11-25 03:09:01,622 INFO o.a.j.t.JMeterThread: Thread finished: Flight Booking System 1-10
2025-11-25 03:09:01,654 INFO o.a.j.t.JMeterThread: Thread started: Flight Booking System 1-11
2025-11-25 03:09:01,673 INFO o.a.j.t.JMeterThread: Thread is done: Flight Booking System 1-11
2025-11-25 03:09:01,673 INFO o.a.j.t.JMeterThread: Thread finished: Flight Booking System 1-11
2025-11-25 03:09:01,705 INFO o.a.j.t.JMeterThread: Thread started: Flight Booking System 1-12
2025-11-25 03:09:01,720 INFO o.a.j.t.JMeterThread: Thread is done: Flight Booking System 1-12
2025-11-25 03:09:01,720 INFO o.a.j.t.JMeterThread: Thread finished: Flight Booking System 1-12
2025-11-25 03:09:01,755 INFO o.a.j.t.JMeterThread: Thread started: Flight Booking System 1-13
2025-11-25 03:09:01,770 INFO o.a.j.t.JMeterThread: Thread is done: Flight Booking System 1-13
2025-11-25 03:09:01,770 INFO o.a.j.t.JMeterThread: Thread finished: Flight Booking System 1-13
2025-11-25 03:09:01,807 INFO o.a.j.t.JMeterThread: Thread started: Flight Booking System 1-14
2025-11-25 03:09:01,820 INFO o.a.j.t.JMeterThread: Thread is done: Flight Booking System 1-14
2025-11-25 03:09:01,820 INFO o.a.j.t.JMeterThread: Thread finished: Flight Booking System 1-14
2025-11-25 03:09:01,854 INFO o.a.j.t.JMeterThread: Thread started: Flight Booking System 1-15
2025-11-25 03:09:01,871 INFO o.a.j.t.JMeterThread: Thread is done: Flight Booking System 1-15
2025-11-25 03:09:01,872 INFO o.a.j.t.JMeterThread: Thread finished: Flight Booking System 1-15
2025-11-25 03:09:01,906 INFO o.a.j.t.JMeterThread: Thread started: Flight Booking System 1-16
2025-11-25 03:09:01,920 INFO o.a.j.t.JMeterThread: Thread is done: Flight Booking System 1-16
2025-11-25 03:09:01,920 INFO o.a.j.t.JMeterThread: Thread finished: Flight Booking System 1-16
2025-11-25 03:09:01,955 INFO o.a.j.t.JMeterThread: Thread started: Flight Booking System 1-17
2025-11-25 03:09:01,971 INFO o.a.j.t.JMeterThread: Thread is done: Flight Booking System 1-17
2025-11-25 03:09:01,972 INFO o.a.j.t.JMeterThread: Thread finished: Flight Booking System 1-17
2025-11-25 03:09:02,004 INFO o.a.j.t.JMeterThread: Thread started: Flight Booking System 1-18
2025-11-25 03:09:02,018 INFO o.a.j.t.JMeterThread: Thread is done: Flight Booking System 1-18
2025-11-25 03:09:02,018 INFO o.a.j.t.JMeterThread: Thread finished: Flight Booking System 1-18
2025-11-25 03:09:02,057 INFO o.a.j.t.JMeterThread: Thread started: Flight Booking System 1-19
2025-11-25 03:09:02,072 INFO o.a.j.t.JMeterThread: Thread is done: Flight Booking System 1-19
2025-11-25 03:09:02,072 INFO o.a.j.t.JMeterThread: Thread finished: Flight Booking System 1-19
2025-11-25 03:09:02,107 INFO o.a.j.t.JMeterThread: Thread started: Flight Booking System 1-20
2025-11-25 03:09:02,123 INFO o.a.j.t.JMeterThread: Thread is done: Flight Booking System 1-20
2025-11-25 03:09:02,124 INFO o.a.j.t.JMeterThread: Thread finished: Flight Booking System 1-20
2025-11-25 03:09:02,125 INFO o.a.j.e.StandardJMeterEngine: Notifying test listeners of end of test
2025-11-25 03:09:02,126 INFO o.a.j.g.u.JMeterMenuBar: setRunning(false, *local*)
2025-11-25 03:13:25,674 ERROR o.a.j.g.a.Save: Could not backup file! Backup directory does not exist, is not a directory or could not be created ! </opt/apache-jmeter-5.6.3/backups>
2025-11-25 03:13:25,732 INFO o.a.j.e.StandardJMeterEngine: Running the test!
2025-11-25 03:13:25,734 INFO o.a.j.s.SampleEvent: List of sample_variables: []
2025-11-25 03:13:25,738 INFO o.a.j.g.u.JMeterMenuBar: setRunning(true, *local*)
2025-11-25 03:13:25,903 INFO o.a.j.e.StandardJMeterEngine: Starting ThreadGroup: 1 : Flight Booking System
2025-11-25 03:13:25,903 INFO o.a.j.e.StandardJMeterEngine: Starting 20 threads for group Flight Booking System.
2025-11-25 03:13:25,904 INFO o.a.j.e.StandardJMeterEngine: Thread will continue on error
2025-11-25 03:13:25,904 INFO o.a.j.t.ThreadGroup: Starting thread group... number=1 threads=20 ramp-up=1 delayedStart=false
2025-11-25 03:13:25,906 INFO o.a.j.t.JMeterThread: Thread started: Flight Booking System 1-1
2025-11-25 03:13:25,956 INFO o.a.j.t.JMeterThread: Thread started: Flight Booking System 1-2
2025-11-25 03:13:26,006 INFO o.a.j.t.JMeterThread: Thread started: Flight Booking System 1-3
2025-11-25 03:13:26,056 INFO o.a.j.t.JMeterThread: Thread started: Flight Booking System 1-4
2025-11-25 03:13:26,115 INFO o.a.j.t.JMeterThread: Thread started: Flight Booking System 1-5
2025-11-25 03:13:26,133 INFO o.a.j.t.ThreadGroup: Started thread group number 1
2025-11-25 03:13:26,165 INFO o.a.j.e.StandardJMeterEngine: All thread groups have been started
2025-11-25 03:13:26,166 INFO o.a.j.t.JMeterThread: Thread started: Flight Booking System 1-6
2025-11-25 03:13:26,214 INFO o.a.j.t.JMeterThread: Thread started: Flight Booking System 1-7
2025-11-25 03:13:26,262 INFO o.a.j.t.JMeterThread: Thread started: Flight Booking System 1-8
2025-11-25 03:13:26,309 INFO o.a.j.t.JMeterThread: Thread started: Flight Booking System 1-9
2025-11-25 03:13:26,357 INFO o.a.j.t.JMeterThread: Thread started: Flight Booking System 1-10
2025-11-25 03:13:26,446 INFO o.a.j.t.JMeterThread: Thread started: Flight Booking System 1-11
2025-11-25 03:13:26,495 INFO o.a.j.t.JMeterThread: Thread started: Flight Booking System 1-12
2025-11-25 03:13:26,519 INFO o.a.j.t.JMeterThread: Thread started: Flight Booking System 1-13
2025-11-25 03:13:26,563 INFO o.a.j.t.JMeterThread: Thread started: Flight Booking System 1-14
2025-11-25 03:13:26,626 INFO o.a.j.t.JMeterThread: Thread started: Flight Booking System 1-15
2025-11-25 03:13:26,733 INFO o.a.j.t.JMeterThread: Thread started: Flight Booking System 1-16
2025-11-25 03:13:26,755 INFO o.a.j.t.JMeterThread: Thread started: Flight Booking System 1-17
2025-11-25 03:13:26,790 INFO o.a.j.t.JMeterThread: Thread started: Flight Booking System 1-18
2025-11-25 03:13:26,836 INFO o.a.j.t.JMeterThread: Thread started: Flight Booking System 1-19
2025-11-25 03:13:26,885 INFO o.a.j.t.JMeterThread: Thread started: Flight Booking System 1-20
2025-11-25 03:13:28,180 INFO o.a.j.t.JMeterThread: Thread is done: Flight Booking System 1-12
2025-11-25 03:13:28,182 INFO o.a.j.t.JMeterThread: Thread is done: Flight Booking System 1-1
2025-11-25 03:13:28,184 INFO o.a.j.t.JMeterThread: Thread finished: Flight Booking System 1-12
2025-11-25 03:13:28,184 INFO o.a.j.t.JMeterThread: Thread finished: Flight Booking System 1-1
2025-11-25 03:13:28,182 INFO o.a.j.t.JMeterThread: Thread is done: Flight Booking System 1-5
2025-11-25 03:13:28,182 INFO o.a.j.t.JMeterThread: Thread is done: Flight Booking System 1-10
2025-11-25 03:13:28,182 INFO o.a.j.t.JMeterThread: Thread is done: Flight Booking System 1-6
2025-11-25 03:13:28,182 INFO o.a.j.t.JMeterThread: Thread is done: Flight Booking System 1-7
2025-11-25 03:13:28,182 INFO o.a.j.t.JMeterThread: Thread is done: Flight Booking System 1-11
2025-11-25 03:13:28,182 INFO o.a.j.t.JMeterThread: Thread is done: Flight Booking System 1-3
2025-11-25 03:13:28,187 INFO o.a.j.t.JMeterThread: Thread finished: Flight Booking System 1-5
2025-11-25 03:13:28,187 INFO o.a.j.t.JMeterThread: Thread finished: Flight Booking System 1-3
2025-11-25 03:13:28,187 INFO o.a.j.t.JMeterThread: Thread finished: Flight Booking System 1-6
2025-11-25 03:13:28,188 INFO o.a.j.t.JMeterThread: Thread finished: Flight Booking System 1-10
2025-11-25 03:13:28,182 INFO o.a.j.t.JMeterThread: Thread is done: Flight Booking System 1-4
2025-11-25 03:13:28,189 INFO o.a.j.t.JMeterThread: Thread finished: Flight Booking System 1-4
2025-11-25 03:13:28,193 INFO o.a.j.t.JMeterThread: Thread finished: Flight Booking System 1-7
2025-11-25 03:13:28,187 INFO o.a.j.t.JMeterThread: Thread finished: Flight Booking System 1-11
2025-11-25 03:13:28,211 INFO o.a.j.t.JMeterThread: Thread is done: Flight Booking System 1-2
2025-11-25 03:13:28,211 INFO o.a.j.t.JMeterThread: Thread finished: Flight Booking System 1-2
2025-11-25 03:13:28,217 INFO o.a.j.t.JMeterThread: Thread is done: Flight Booking System 1-13
2025-11-25 03:13:28,218 INFO o.a.j.t.JMeterThread: Thread finished: Flight Booking System 1-13
2025-11-25 03:13:28,221 INFO o.a.j.t.JMeterThread: Thread is done: Flight Booking System 1-14
2025-11-25 03:13:28,225 INFO o.a.j.t.JMeterThread: Thread finished: Flight Booking System 1-14
2025-11-25 03:13:28,601 INFO o.a.j.t.JMeterThread: Thread is done: Flight Booking System 1-9
2025-11-25 03:13:28,601 INFO o.a.j.t.JMeterThread: Thread is done: Flight Booking System 1-17
2025-11-25 03:13:28,604 INFO o.a.j.t.JMeterThread: Thread finished: Flight Booking System 1-9
2025-11-25 03:13:28,604 INFO o.a.j.t.JMeterThread: Thread finished: Flight Booking System 1-17
2025-11-25 03:13:28,614 INFO o.a.j.t.JMeterThread: Thread is done: Flight Booking System 1-19
2025-11-25 03:13:28,615 INFO o.a.j.t.JMeterThread: Thread finished: Flight Booking System 1-19
2025-11-25 03:13:28,629 INFO o.a.j.t.JMeterThread: Thread is done: Flight Booking System 1-20
2025-11-25 03:13:28,629 INFO o.a.j.t.JMeterThread: Thread finished: Flight Booking System 1-20
2025-11-25 03:13:28,634 INFO o.a.j.t.JMeterThread: Thread is done: Flight Booking System 1-18
2025-11-25 03:13:28,635 INFO o.a.j.t.JMeterThread: Thread finished: Flight Booking System 1-18
2025-11-25 03:13:28,635 INFO o.a.j.t.JMeterThread: Thread is done: Flight Booking System 1-8
2025-11-25 03:13:28,635 INFO o.a.j.t.JMeterThread: Thread finished: Flight Booking System 1-8
2025-11-25 03:13:28,870 INFO o.a.j.t.JMeterThread: Thread is done: Flight Booking System 1-16
2025-11-25 03:13:28,876 INFO o.a.j.t.JMeterThread: Thread finished: Flight Booking System 1-16
2025-11-25 03:13:28,879 INFO o.a.j.t.JMeterThread: Thread is done: Flight Booking System 1-15
2025-11-25 03:13:28,879 INFO o.a.j.t.JMeterThread: Thread finished: Flight Booking System 1-15
2025-11-25 03:13:28,888 INFO o.a.j.e.StandardJMeterEngine: Notifying test listeners of end of test
2025-11-25 03:13:28,890 INFO o.a.j.g.u.JMeterMenuBar: setRunning(false, *local*)
